<?xml version="1.0" encoding="UTF-8"?>
<!-- Generated by org.testng.reporters.JUnitReportReporter -->
<testsuite skipped="0" hostname="DESKTOP-6AVQDCU" name="test.HomePageTest" tests="1" failures="0" timestamp="2020-08-02T01:44:59 EDT" time="23.339" errors="0">
  <testcase name="homePageCheck" time="23.339" classname="test.HomePageTest"/>
  <system-out/>
</testsuite> <!-- test.HomePageTest -->
