<?xml version="1.0" encoding="UTF-8"?>
<!-- Generated by org.testng.reporters.JUnitReportReporter -->
<testsuite skipped="0" hostname="DESKTOP-6AVQDCU" name="main.RunCheck" tests="1" failures="0" timestamp="2020-07-28T04:15:54 EDT" time="39.491" errors="0">
  <testcase name="run" time="39.491" classname="main.RunCheck"/>
  <system-out/>
</testsuite> <!-- main.RunCheck -->
